# JRE version: OpenJDK Runtime Environment (13.0.2+8) (build 13.0.2+8)
# Java VM: OpenJDK 64-Bit Server VM (13.0.2+8, mixed mode, sharing, tiered, compressed oops, g1 gc, windows-amd64)
Heap:
 garbage-first heap   total 262144K, used 52961K [0x0000000701200000, 0x0000000800000000)
  region size 1024K, 53 young (54272K), 3 survivors (3072K)
 Metaspace       used 7758K, capacity 7880K, committed 7936K, reserved 1056768K
  class space    used 717K, capacity 761K, committed 768K, reserved 1048576K
GC Heap History (10 events):
Event: 1.953 GC heap before
{Heap before GC invocations=0 (full 0):
 garbage-first heap   total 262144K, used 14336K [0x0000000701200000, 0x0000000800000000)
  region size 1024K, 14 young (14336K), 0 survivors (0K)
 Metaspace       used 7221K, capacity 7413K, committed 7680K, reserved 1056768K
  class space    used 693K, capacity 756K, committed 768K, reserved 1048576K
}
Event: 1.960 GC heap after
{Heap after GC invocations=1 (full 0):
 garbage-first heap   total 262144K, used 1684K [0x0000000701200000, 0x0000000800000000)
  region size 1024K, 2 young (2048K), 2 survivors (2048K)
 Metaspace       used 7221K, capacity 7413K, committed 7680K, reserved 1056768K
  class space    used 693K, capacity 756K, committed 768K, reserved 1048576K
}
Event: 5.929 GC heap before
{Heap before GC invocations=1 (full 0):
 garbage-first heap   total 262144K, used 156308K [0x0000000701200000, 0x0000000800000000)
  region size 1024K, 153 young (156672K), 2 survivors (2048K)
 Metaspace       used 7728K, capacity 7880K, committed 7936K, reserved 1056768K
  class space    used 714K, capacity 761K, committed 768K, reserved 1048576K
}
Event: 5.931 GC heap after
{Heap after GC invocations=2 (full 0):
 garbage-first heap   total 262144K, used 2738K [0x0000000701200000, 0x0000000800000000)
  region size 1024K, 3 young (3072K), 3 survivors (3072K)
 Metaspace       used 7728K, capacity 7880K, committed 7936K, reserved 1056768K
  class space    used 714K, capacity 761K, committed 768K, reserved 1048576K
}
Event: 9.842 GC heap before
{Heap before GC invocations=2 (full 0):
 garbage-first heap   total 262144K, used 156338K [0x0000000701200000, 0x0000000800000000)
  region size 1024K, 153 young (156672K), 3 survivors (3072K)
 Metaspace       used 7746K, capacity 7880K, committed 7936K, reserved 1056768K
  class space    used 714K, capacity 761K, committed 768K, reserved 1048576K
}
Event: 9.844 GC heap after
{Heap after GC invocations=3 (full 0):
 garbage-first heap   total 262144K, used 2826K [0x0000000701200000, 0x0000000800000000)
  region size 1024K, 3 young (3072K), 3 survivors (3072K)
 Metaspace       used 7746K, capacity 7880K, committed 7936K, reserved 1056768K
  class space    used 714K, capacity 761K, committed 768K, reserved 1048576K
}
Event: 15.030 GC heap before
{Heap before GC invocations=3 (full 0):
 garbage-first heap   total 262144K, used 156426K [0x0000000701200000, 0x0000000800000000)
  region size 1024K, 153 young (156672K), 3 survivors (3072K)
 Metaspace       used 7748K, capacity 7880K, committed 7936K, reserved 1056768K
  class space    used 715K, capacity 761K, committed 768K, reserved 1048576K
}
Event: 15.032 GC heap after
{Heap after GC invocations=4 (full 0):
 garbage-first heap   total 262144K, used 2650K [0x0000000701200000, 0x0000000800000000)
  region size 1024K, 3 young (3072K), 3 survivors (3072K)
 Metaspace       used 7748K, capacity 7880K, committed 7936K, reserved 1056768K
  class space    used 715K, capacity 761K, committed 768K, reserved 1048576K
}
Event: 18.591 GC heap before
{Heap before GC invocations=4 (full 0):
 garbage-first heap   total 262144K, used 156250K [0x0000000701200000, 0x0000000800000000)
  region size 1024K, 153 young (156672K), 3 survivors (3072K)
 Metaspace       used 7748K, capacity 7880K, committed 7936K, reserved 1056768K
  class space    used 715K, capacity 761K, committed 768K, reserved 1048576K
}
Event: 18.593 GC heap after
{Heap after GC invocations=5 (full 0):
 garbage-first heap   total 262144K, used 2785K [0x0000000701200000, 0x0000000800000000)
  region size 1024K, 3 young (3072K), 3 survivors (3072K)
 Metaspace       used 7748K, capacity 7880K, committed 7936K, reserved 1056768K
  class space    used 715K, capacity 761K, committed 768K, reserved 1048576K
}

