# JRE version: OpenJDK Runtime Environment (18.0.2.1+1) (build 18.0.2.1+1-1)
# Java VM: OpenJDK 64-Bit Server VM (18.0.2.1+1-1, mixed mode, sharing, tiered, compressed oops, compressed class ptrs, g1 gc, windows-amd64)
GC Precious Log:
 CardTable entry size: 512
 Card Set container configuration: InlinePtr #cards 4 size 8 Array Of Cards #cards 16 size 48 Howl #buckets 8 coarsen threshold 3686 Howl Bitmap #cards 512 size 80 coarsen threshold 460 Card regions per heap region 1 cards per card region 4096
 CPUs: 4 total, 4 available
 Memory: 16307M
 Large Page Support: Disabled
 NUMA Support: Disabled
 Compressed Oops: Enabled (Zero based)
 Heap Region Size: 2M
 Heap Min Capacity: 8M
 Heap Initial Capacity: 256M
 Heap Max Capacity: 4078M
 Pre-touch: Disabled
 Parallel Workers: 4
 Concurrent Workers: 1
 Concurrent Refinement Workers: 4
 Periodic GC: Disabled
Heap:
 garbage-first heap   total 262144K, used 49943K [0x0000000701200000, 0x0000000800000000)
  region size 2048K, 17 young (34816K), 3 survivors (6144K)
 Metaspace       used 8371K, committed 8576K, reserved 1114112K
  class space    used 741K, committed 832K, reserved 1048576K
GC Heap History (20 events):
Event: 6.333 GC heap before
{Heap before GC invocations=4 (full 0):
 garbage-first heap   total 262144K, used 88795K [0x0000000701200000, 0x0000000800000000)
  region size 2048K, 37 young (75776K), 4 survivors (8192K)
 Metaspace       used 8207K, committed 8384K, reserved 1114112K
  class space    used 735K, committed 832K, reserved 1048576K
}
Event: 6.336 GC heap after
{Heap after GC invocations=5 (full 0):
 garbage-first heap   total 262144K, used 22445K [0x0000000701200000, 0x0000000800000000)
  region size 2048K, 3 young (6144K), 3 survivors (6144K)
 Metaspace       used 8207K, committed 8384K, reserved 1114112K
  class space    used 735K, committed 832K, reserved 1048576K
}
Event: 8.507 GC heap before
{Heap before GC invocations=5 (full 0):
 garbage-first heap   total 262144K, used 135085K [0x0000000701200000, 0x0000000800000000)
  region size 2048K, 58 young (118784K), 3 survivors (6144K)
 Metaspace       used 8269K, committed 8512K, reserved 1114112K
  class space    used 736K, committed 832K, reserved 1048576K
}
Event: 8.510 GC heap after
{Heap after GC invocations=6 (full 0):
 garbage-first heap   total 262144K, used 22408K [0x0000000701200000, 0x0000000800000000)
  region size 2048K, 3 young (6144K), 3 survivors (6144K)
 Metaspace       used 8269K, committed 8512K, reserved 1114112K
  class space    used 736K, committed 832K, reserved 1048576K
}
Event: 10.857 GC heap before
{Heap before GC invocations=6 (full 0):
 garbage-first heap   total 262144K, used 171912K [0x0000000701200000, 0x0000000800000000)
  region size 2048K, 76 young (155648K), 3 survivors (6144K)
 Metaspace       used 8269K, committed 8512K, reserved 1114112K
  class space    used 736K, committed 832K, reserved 1048576K
}
Event: 10.860 GC heap after
{Heap after GC invocations=7 (full 0):
 garbage-first heap   total 262144K, used 22879K [0x0000000701200000, 0x0000000800000000)
  region size 2048K, 3 young (6144K), 3 survivors (6144K)
 Metaspace       used 8269K, committed 8512K, reserved 1114112K
  class space    used 736K, committed 832K, reserved 1048576K
}
Event: 12.908 GC heap before
{Heap before GC invocations=7 (full 0):
 garbage-first heap   total 262144K, used 172383K [0x0000000701200000, 0x0000000800000000)
  region size 2048K, 76 young (155648K), 3 survivors (6144K)
 Metaspace       used 8269K, committed 8512K, reserved 1114112K
  class space    used 736K, committed 832K, reserved 1048576K
}
Event: 12.910 GC heap after
{Heap after GC invocations=8 (full 0):
 garbage-first heap   total 262144K, used 22927K [0x0000000701200000, 0x0000000800000000)
  region size 2048K, 3 young (6144K), 3 survivors (6144K)
 Metaspace       used 8269K, committed 8512K, reserved 1114112K
  class space    used 736K, committed 832K, reserved 1048576K
}
Event: 14.998 GC heap before
{Heap before GC invocations=8 (full 0):
 garbage-first heap   total 262144K, used 172431K [0x0000000701200000, 0x0000000800000000)
  region size 2048K, 76 young (155648K), 3 survivors (6144K)
 Metaspace       used 8311K, committed 8512K, reserved 1114112K
  class space    used 739K, committed 832K, reserved 1048576K
}
Event: 14.999 GC heap after
{Heap after GC invocations=9 (full 0):
 garbage-first heap   total 262144K, used 23028K [0x0000000701200000, 0x0000000800000000)
  region size 2048K, 3 young (6144K), 3 survivors (6144K)
 Metaspace       used 8311K, committed 8512K, reserved 1114112K
  class space    used 739K, committed 832K, reserved 1048576K
}
Event: 17.394 GC heap before
{Heap before GC invocations=9 (full 0):
 garbage-first heap   total 262144K, used 172532K [0x0000000701200000, 0x0000000800000000)
  region size 2048K, 76 young (155648K), 3 survivors (6144K)
 Metaspace       used 8343K, committed 8576K, reserved 1114112K
  class space    used 740K, committed 832K, reserved 1048576K
}
Event: 17.396 GC heap after
{Heap after GC invocations=10 (full 0):
 garbage-first heap   total 262144K, used 22799K [0x0000000701200000, 0x0000000800000000)
  region size 2048K, 3 young (6144K), 3 survivors (6144K)
 Metaspace       used 8343K, committed 8576K, reserved 1114112K
  class space    used 740K, committed 832K, reserved 1048576K
}
Event: 20.003 GC heap before
{Heap before GC invocations=10 (full 0):
 garbage-first heap   total 262144K, used 172303K [0x0000000701200000, 0x0000000800000000)
  region size 2048K, 76 young (155648K), 3 survivors (6144K)
 Metaspace       used 8359K, committed 8576K, reserved 1114112K
  class space    used 740K, committed 832K, reserved 1048576K
}
Event: 20.005 GC heap after
{Heap after GC invocations=11 (full 0):
 garbage-first heap   total 262144K, used 23060K [0x0000000701200000, 0x0000000800000000)
  region size 2048K, 3 young (6144K), 3 survivors (6144K)
 Metaspace       used 8359K, committed 8576K, reserved 1114112K
  class space    used 740K, committed 832K, reserved 1048576K
}
Event: 22.605 GC heap before
{Heap before GC invocations=11 (full 0):
 garbage-first heap   total 262144K, used 172564K [0x0000000701200000, 0x0000000800000000)
  region size 2048K, 76 young (155648K), 3 survivors (6144K)
 Metaspace       used 8361K, committed 8576K, reserved 1114112K
  class space    used 740K, committed 832K, reserved 1048576K
}
Event: 22.606 GC heap after
{Heap after GC invocations=12 (full 0):
 garbage-first heap   total 262144K, used 22809K [0x0000000701200000, 0x0000000800000000)
  region size 2048K, 3 young (6144K), 3 survivors (6144K)
 Metaspace       used 8361K, committed 8576K, reserved 1114112K
  class space    used 740K, committed 832K, reserved 1048576K
}
Event: 25.003 GC heap before
{Heap before GC invocations=12 (full 0):
 garbage-first heap   total 262144K, used 172313K [0x0000000701200000, 0x0000000800000000)
  region size 2048K, 76 young (155648K), 3 survivors (6144K)
 Metaspace       used 8363K, committed 8576K, reserved 1114112K
  class space    used 740K, committed 832K, reserved 1048576K
}
Event: 25.005 GC heap after
{Heap after GC invocations=13 (full 0):
 garbage-first heap   total 262144K, used 23065K [0x0000000701200000, 0x0000000800000000)
  region size 2048K, 3 young (6144K), 3 survivors (6144K)
 Metaspace       used 8363K, committed 8576K, reserved 1114112K
  class space    used 740K, committed 832K, reserved 1048576K
}
Event: 27.535 GC heap before
{Heap before GC invocations=13 (full 0):
 garbage-first heap   total 262144K, used 172569K [0x0000000701200000, 0x0000000800000000)
  region size 2048K, 76 young (155648K), 3 survivors (6144K)
 Metaspace       used 8363K, committed 8576K, reserved 1114112K
  class space    used 740K, committed 832K, reserved 1048576K
}
Event: 27.537 GC heap after
{Heap after GC invocations=14 (full 0):
 garbage-first heap   total 262144K, used 23319K [0x0000000701200000, 0x0000000800000000)
  region size 2048K, 3 young (6144K), 3 survivors (6144K)
 Metaspace       used 8363K, committed 8576K, reserved 1114112K
  class space    used 740K, committed 832K, reserved 1048576K
}

