# JRE version: OpenJDK Runtime Environment (18.0.2.1+1) (build 18.0.2.1+1-1)
# Java VM: OpenJDK 64-Bit Server VM (18.0.2.1+1-1, mixed mode, sharing, tiered, compressed oops, compressed class ptrs, g1 gc, windows-amd64)
GC Precious Log:
 CardTable entry size: 512
 Card Set container configuration: InlinePtr #cards 4 size 8 Array Of Cards #cards 16 size 48 Howl #buckets 8 coarsen threshold 3686 Howl Bitmap #cards 512 size 80 coarsen threshold 460 Card regions per heap region 1 cards per card region 4096
 CPUs: 4 total, 4 available
 Memory: 16307M
 Large Page Support: Disabled
 NUMA Support: Disabled
 Compressed Oops: Enabled (Zero based)
 Heap Region Size: 2M
 Heap Min Capacity: 8M
 Heap Initial Capacity: 256M
 Heap Max Capacity: 4078M
 Pre-touch: Disabled
 Parallel Workers: 4
 Concurrent Workers: 1
 Concurrent Refinement Workers: 4
 Periodic GC: Disabled
Heap:
 garbage-first heap   total 262144K, used 140166K [0x0000000701200000, 0x0000000800000000)
  region size 2048K, 69 young (141312K), 1 survivors (2048K)
 Metaspace       used 7699K, committed 7936K, reserved 1114112K
  class space    used 723K, committed 832K, reserved 1048576K
GC Heap History (10 events):
Event: 1.261 GC heap before
{Heap before GC invocations=0 (full 0):
 garbage-first heap   total 262144K, used 12288K [0x0000000701200000, 0x0000000800000000)
  region size 2048K, 6 young (12288K), 0 survivors (0K)
 Metaspace       used 7308K, committed 7552K, reserved 1114112K
  class space    used 716K, committed 832K, reserved 1048576K
}
Event: 1.265 GC heap after
{Heap after GC invocations=1 (full 0):
 garbage-first heap   total 262144K, used 2886K [0x0000000701200000, 0x0000000800000000)
  region size 2048K, 1 young (2048K), 1 survivors (2048K)
 Metaspace       used 7308K, committed 7552K, reserved 1114112K
  class space    used 716K, committed 832K, reserved 1048576K
}
Event: 1.970 GC heap before
{Heap before GC invocations=1 (full 0):
 garbage-first heap   total 262144K, used 13126K [0x0000000701200000, 0x0000000800000000)
  region size 2048K, 6 young (12288K), 1 survivors (2048K)
 Metaspace       used 7437K, committed 7680K, reserved 1114112K
  class space    used 716K, committed 832K, reserved 1048576K
}
Event: 1.972 GC heap after
{Heap after GC invocations=2 (full 0):
 garbage-first heap   total 262144K, used 3248K [0x0000000701200000, 0x0000000800000000)
  region size 2048K, 1 young (2048K), 1 survivors (2048K)
 Metaspace       used 7437K, committed 7680K, reserved 1114112K
  class space    used 716K, committed 832K, reserved 1048576K
}
Event: 4.144 GC heap before
{Heap before GC invocations=2 (full 0):
 garbage-first heap   total 262144K, used 38064K [0x0000000701200000, 0x0000000800000000)
  region size 2048K, 18 young (36864K), 1 survivors (2048K)
 Metaspace       used 7609K, committed 7872K, reserved 1114112K
  class space    used 720K, committed 832K, reserved 1048576K
}
Event: 4.145 GC heap after
{Heap after GC invocations=3 (full 0):
 garbage-first heap   total 262144K, used 3006K [0x0000000701200000, 0x0000000800000000)
  region size 2048K, 1 young (2048K), 1 survivors (2048K)
 Metaspace       used 7609K, committed 7872K, reserved 1114112K
  class space    used 720K, committed 832K, reserved 1048576K
}
Event: 13.785 GC heap before
{Heap before GC invocations=3 (full 0):
 garbage-first heap   total 262144K, used 156606K [0x0000000701200000, 0x0000000800000000)
  region size 2048K, 76 young (155648K), 1 survivors (2048K)
 Metaspace       used 7642K, committed 7872K, reserved 1114112K
  class space    used 721K, committed 832K, reserved 1048576K
}
Event: 13.786 GC heap after
{Heap after GC invocations=4 (full 0):
 garbage-first heap   total 262144K, used 2957K [0x0000000701200000, 0x0000000800000000)
  region size 2048K, 1 young (2048K), 1 survivors (2048K)
 Metaspace       used 7642K, committed 7872K, reserved 1114112K
  class space    used 721K, committed 832K, reserved 1048576K
}
Event: 23.166 GC heap before
{Heap before GC invocations=4 (full 0):
 garbage-first heap   total 262144K, used 156557K [0x0000000701200000, 0x0000000800000000)
  region size 2048K, 76 young (155648K), 1 survivors (2048K)
 Metaspace       used 7647K, committed 7872K, reserved 1114112K
  class space    used 722K, committed 832K, reserved 1048576K
}
Event: 23.166 GC heap after
{Heap after GC invocations=5 (full 0):
 garbage-first heap   total 262144K, used 2950K [0x0000000701200000, 0x0000000800000000)
  region size 2048K, 1 young (2048K), 1 survivors (2048K)
 Metaspace       used 7647K, committed 7872K, reserved 1114112K
  class space    used 722K, committed 832K, reserved 1048576K
}

